0      10.000000000000 0.00   10.00  undef  10.00    10.00     undef     undef     10.00   
5      18.796387601420 0.00   10.70  undef  10.15    10.05     undef     undef     9.99    
10     1.612019978590 0.00   9.98   undef  10.00    10.00     undef     undef     10.70   
15     10.360546211070 0.00   10.01  undef  10.01    10.00     undef     undef     9.97    
20     19.204505733910 0.00   10.74  undef  10.16    10.05     undef     undef     10.00   
25     2.020112303010 0.00   10.05  undef  10.03    10.01     undef     undef     10.74   
30     10.720488307460 0.00   10.10  undef  10.04    10.01     undef     undef     10.04   
35     19.611730026960 0.00   10.86  undef  10.20    10.07     undef     undef     10.09   
40     2.427285288600 0.00   10.19  undef  10.07    10.03     undef     undef     10.86   
45     11.079223105390 0.00   10.26  undef  10.09    10.03     undef     undef     10.18   
50     20.017457330830 0.00   11.04  undef  10.25    10.09     undef     undef     10.25   
55     2.832936402220 0.00   10.38  undef  10.13    10.05     undef     undef     11.03   
60     11.436149281820 0.00   10.47  undef  10.15    10.05     10.78     undef     10.38   
65     20.421086666620 0.00   11.26  undef  10.32    10.11     11.58     undef     10.46   
70     3.236465588820 0.00   10.62  undef  10.20    10.07     10.38     undef     11.26   
75     11.790668301200 0.00   10.71  undef  10.23    10.08     11.17     undef     10.61   
80     20.822020151760 0.00   11.52  undef  10.40    10.14     11.97     undef     10.71   
85     3.637276195450 0.00   10.89  undef  10.29    10.11     10.77     undef     11.52   
90     12.142185337790 0.00   10.99  undef  10.32    10.12     11.55     undef     10.89   
95     21.219663920770 0.00   11.81  undef  10.50    10.18     12.36     undef     10.99   
100    4.034775890030 0.00   11.19  undef  10.39    10.14     11.16     undef     11.80   
105    12.490110192450 0.00   11.29  undef  10.43    10.16     11.94     undef     11.18   
110    21.613429039800 0.00   12.12  undef  10.61    10.22     12.75     undef     11.29   
115    4.428377573470 0.00   11.50  undef  10.51    10.19     11.55     undef     12.11   
120    12.833858202300 0.00   11.61  undef  10.55    10.20     12.32     undef     11.50   
125    22.002732413510 0.00   12.44  undef  10.74    10.27     13.13     undef     11.60   
130    4.817500283920 0.00   11.83  undef  10.64    10.24     11.93     undef     12.44   
135    13.172851141860 0.00   11.94  undef  10.68    10.26     12.69     undef     11.83   
140    22.386997683060 0.00   12.77  undef  10.88    10.32     13.51     undef     11.93   
145    5.201570091240 0.00   12.17  undef  10.78    10.29     12.31     undef     12.77   
150    13.506518114050 0.00   12.27  undef  10.83    10.31     13.07     undef     12.16   
155    22.765656113640 0.00   13.11  undef  11.03    10.38     13.88     undef     12.27   
160    5.580020980860 0.00   12.51  undef  10.94    10.35     12.68     undef     13.11   
165    13.834296430150 0.00   12.62  undef  10.98    10.37     13.43     undef     12.51   
170    23.138147470340 0.00   13.46  undef  11.18    10.44     14.25     undef     12.61   
175    5.952295725460 0.00   12.86  undef  11.10    10.42     13.05     undef     13.45   
180    14.155632477220 0.00   12.96  undef  11.15    10.44     13.80     undef     12.85   
185    23.503920880820 0.00   13.80  undef  11.35    10.51     14.62     undef     12.96   
190    6.317846742900 0.00   13.21  undef  11.27    10.49     13.41     undef     13.80   
195    14.469982571050 0.00   13.31  undef  11.32    10.51     14.15     undef     13.20   
200    23.862435683670 0.00   14.15  undef  11.53    10.59     14.98     undef     13.30   
205    6.676136939610 0.00   13.55  undef  11.45    10.56     13.77     undef     14.15   
210    14.776813794350 0.00   13.65  undef  11.50    10.59     14.50     undef     13.55   
215    24.213162260970 0.00   14.50  undef  11.71    10.66     15.33     undef     13.65   
220    7.026640537420 0.00   13.90  undef  11.64    10.64     14.12     undef     14.49   
225    15.075604817980 0.00   13.99  undef  11.69    10.67     14.85     undef     13.89   
230    24.555582853890 0.00   14.84  undef  11.91    10.74     15.67     undef     13.99   
235    7.368843883430 0.00   14.24  undef  11.83    10.73     14.46     undef     14.83   
240    15.365846704730 0.00   14.33  undef  11.89    10.75     15.18     undef     14.24   
245    24.889192360020 0.00   15.17  undef  12.10    10.83     16.01     undef     14.32   
250    7.702246240780 0.00   14.58  undef  12.03    10.81     14.79     undef     15.17   
255    15.647043693420 0.00   14.66  undef  12.09    10.84     15.51     undef     14.57   
260    25.213499111040 0.00   15.51  undef  12.31    10.92     16.34     undef     14.66   
265    8.026360559800 0.00   14.91  undef  12.24    10.90     15.12     undef     15.50   
270    15.918713963260 0.00   14.99  undef  12.30    10.93     15.83     undef     14.90   
275    25.528025630060 0.00   15.83  undef  12.52    11.01     16.66     undef     14.98   
280    8.340714227870 0.00   15.23  undef  12.45    11.00     15.44     undef     15.83   
285    16.180390376600 0.00   15.31  undef  12.51    11.02     16.14     undef     15.23   
290    25.832309366770 0.00   16.15  undef  12.73    11.11     16.97     undef     15.30   
295    8.644849797300 0.00   15.55  undef  12.66    11.09     15.74     undef     16.15   
300    16.431621198720 0.00   15.62  undef  12.72    11.12     16.44     13.72     15.54   
305    26.125903409620 0.00   16.46  undef  12.95    11.21     17.27     13.98     15.61   
310    8.938325689550 0.00   15.86  undef  12.88    11.19     16.04     13.82     16.46   
315    16.671970794410 0.00   15.92  undef  12.94    11.22     16.73     14.07     15.85   
320    26.408377174210 0.00   16.76  undef  13.17    11.31     17.56     14.33     15.92   
