  0    0  2.86  2.86          
  5    6  2.90  3.11          
 10    6  3.55  3.34          
 15    2  3.68  3.23          
 20    6  3.71  3.45          
 25    1  3.65  3.25          
 30    1  3.32  3.07          
 35    0  3.05  2.82          
 40    1  2.82  2.67          
 45    1  2.60  2.54          
 50    1  2.47  2.42          
 55    2  2.24  2.39          
 60    3  2.06  2.44          
 65    4  2.14  2.56          
 70    1  2.05  2.44          
 75    1  2.13  2.32          
 80    2  2.28  2.29          
 85    2  2.33  2.27          
 90    4  2.74  2.41          
 95    1  2.60  2.30          
100    1  2.59  2.20          
105    5  2.71  2.42          
110    2  2.52  2.39          
115    2  2.32  2.36          
120    3  2.46  2.41          
125    2  2.23  2.38          
130    1  2.21  2.27          
135    3  2.02  2.33          
140    1  2.10  2.22          
145    0  2.17  2.04          
150    0  1.91  1.88          
155    0  1.76  1.73          
160    1  1.71  1.67          
165    2  1.73  1.70          
170    1  1.76  1.64          
175    0  1.70  1.51          
180    0  1.64  1.39          
185    1  1.47  1.36          
190    1  1.43  1.33          
195    1  1.51  1.30          
200    0  1.39  1.20          
205    2  1.18  1.26          
210    1  1.08  1.24          
215    1  1.00  1.22          
220    1  1.00  1.20          
225    0  0.92  1.10          
230    0  0.77  1.01          
235    0  0.71  0.93          
240    0  0.66  0.86          
245    0  0.63  0.79          
250    0  0.58  0.73          
255    0  0.49  0.67          
260    0  0.45  0.62          
265    1  0.41  0.65          
270    1  0.42  0.68          
275    2  0.47  0.79          
280    3  0.55  0.97          
285    0  0.51  0.89          
290    2  0.51  0.98          
295    0  0.47  0.90          
300    0  0.43  0.83          
305    1  0.44  0.84          
310    0  0.40  0.77          
315    0  0.41  0.71          
320    0  0.38  0.65          
325    0  0.35  0.60          
330    0  0.37  0.55          
335    0  0.42  0.51          
340    0  0.36  0.47          
345    0  0.33  0.43          
350    1  0.36  0.48          
355    0  0.41  0.44          
360    0  0.38  0.40          
365    0  0.32  0.37          
370    0  0.53  0.34          
375    0  0.45  0.31          
380    0  0.41  0.29          
385    0  0.38  0.27          
390    0  0.80  0.25          
395    1  0.82  0.31          
400    1  0.77  0.37          
405    1  0.71  0.42          
410    4  0.98  0.71          
415    0  0.90  0.65          
420    1  0.91  0.68          
425    0  0.85  0.63          
430    1  1.02  0.66          
435    3  1.01  0.85          
440    0  0.93  0.78          
445    2  1.49  0.88          
450    4  1.45  1.13          
455    0  1.33  1.04          
460    0  1.35  0.96          
465    4  1.24  1.20          
470    2  1.42  1.26          
475    4  1.38  1.48          
480    1  1.59  1.44          
485    0  1.35  1.32          
490    0  1.24  1.21          
495    0  1.42  1.11          
500    3  1.70  1.26          
505    2  1.60  1.32          
510    0  1.55  1.21          
515    4  1.50  1.43          
520    1  1.27  1.40          
525    1  1.25  1.37          
530    3  1.37  1.50          
535    3  1.34  1.62          
540    0  1.31  1.49          
545    1  1.50  1.45          
550    0  1.46  1.33          
555    1  1.46  1.30          
560    0  1.43  1.20          
565    0  1.43  1.10          
570    0  1.63  1.01          
575    0  1.50  0.93          
580    1  1.59  0.94          
585    1  1.46  0.94          
590    0  1.38  0.86          
595    0  1.51  0.79          
600    0  1.63  0.73          
605    0  1.45  0.67          
610    0  1.50  0.62          
615    0  1.27  0.57          
620    1  1.49  0.60          
625    1  1.70  0.63          
630    1  1.80  0.66          
635    1  1.90  0.69          
640    0  1.91  0.63          
645    0  2.24  0.58          
650    1  2.37  0.61          
655    1  2.34  0.64          
660    0  2.06  0.59          
665    1  1.98  0.62          
670    1  2.06  0.65          
675    1  1.74  0.68          
680    1  1.60  0.71          
685    0  1.43  0.65          
690    0  1.31  0.60          
695    1  1.21  0.63          
700    0  1.10  0.58          
705    0  1.09  0.53          
710    1  0.93  0.57          
715    1  0.85  0.60          
720    2  0.87  0.71          
725    4  0.88  0.97          
730    2  0.89  1.05          
735    1  0.91  1.05          
740    2  0.92  1.13          
745    1  1.16  1.12          
750    0  1.07  1.03          
755    0  0.98  0.95          
760    1  0.90  0.95          
765    2  0.83  1.03          
770    1  0.70  1.03          
775    2  0.73  1.11          
780    1  0.61  1.10          
785    1  0.56  1.09          
790    0  0.52  1.00          
795    0  0.44  0.92          
800    0  0.40  0.85          
805    0  0.34  0.78          
810    1  0.39  0.80          
815    1  0.36  0.82          
820    1  0.31  0.83          
825    1  0.28  0.84          
830    0  0.31  0.77          
835    1  0.37  0.79          
840    1  0.54  0.81          
845    0  0.49  0.75          
850    0  0.45  0.69          
855    2  0.99  0.79          
860    5  0.99  1.13          
865    0  1.53  1.04          
870    1  2.05  1.04          
875    3  1.89  1.20          
880    9  2.38  1.82          
885    5  2.67  2.07          
890    1  2.56  1.98          
895    0  2.44  1.82          
900    0  2.21  1.67          
905    0  2.03  1.54          
910    5  2.11  1.82          
915    1  2.08  1.75          
920    2  1.99  1.77          
925    0  1.69  1.63          
930    7  1.63  2.06          
935    0  1.60  1.90          
940    2  1.47  1.91          
945    0  1.68  1.76          
950    0  1.72  1.62          
955    0  1.58  1.49          
960    3  2.26  1.61          
965    3  2.08  1.72          
970    0  1.91  1.58          
975    4  2.10  1.77          
980    1  1.93  1.71          
985    4  1.78  1.89          
990    0  1.80  1.74          
995    7  1.60  2.16          
1000    1  1.47  2.07          
1005    0  1.36  1.90          
1010    1  1.15  1.83          
1015    1  1.05  1.76          
1020    0  0.89  1.62          
1025    0  0.82  1.49          
1030    0  0.75  1.37          
1035    3  0.64  1.50          
1040    1  0.59  1.46          
1045    1  0.58  1.42          
1050    0  0.53  1.31          
1055    1  0.45  1.29          
1060    0  0.41  1.19          
1065    0  0.70  1.09          
1070    0  0.59  1.00          
1075    1  0.54  1.00          
1080    0  0.46  0.92          
1085    0  0.42  0.85          
1090    0  0.39  0.78          
1095    0  0.33  0.72          
1100    2  0.30  0.82          
1105    1  0.26  0.83          
1110    0  0.23  0.76          
1115    0  0.20  0.70          
1120    0  0.18  0.64          
1125    0  0.17  0.59          
1130    1  0.14  0.62          
1135    0  0.13  0.57          
1140    4  0.50  0.84          
1145    1  0.46  0.85          
1150    1  0.43  0.86          
1155    1  0.36  0.87          
1160    2  0.33  0.96          
1165    1  0.28  0.96          
1170    0  0.26  0.88          
1175    0  0.36  0.81          
1180    1  0.66  0.83          
1185    0  0.60  0.76          
1190    0  0.51  0.70          
1195    0  0.47  0.64          
1200    0  0.40  0.59          
1205    1  0.36  0.62          
1210    0  0.34  0.57          
1215    0  0.28  0.52          
1220    0  0.26  0.48          
1225    0  0.22  0.44          
1230    0  0.20  0.40          
1235    0  0.17  0.37          
1240    5  0.16  0.74          
1245    0  0.14  0.68          
1250    1  0.12  0.71          
1255    0  0.19  0.65          
1260    0  0.16  0.60          
1265    1  0.15  0.63          
1270    1  0.14  0.66          
1275    1  0.12  0.69          
1280    0  0.11  0.63          
1285    0  0.09  0.58          
1290    0  0.08  0.53          
1295    0  0.15  0.49          
1300    0  0.14  0.45          
1305    1  0.13  0.49          
1310    0  0.11  0.45          
1315    1  0.10  0.49          
1320    0  0.08  0.45          
1325    0  0.08  0.41          
1330    0  0.07  0.38          
1335    0  0.06  0.35          
1340    0  0.05  0.32          
1345    0  0.12  0.29          
1350    0  0.11  0.27          
1355    0  0.11  0.25          
1360    0  0.09  0.23          
1365    0  0.08  0.21          
1370    0  0.07  0.19          
1375    0  0.06  0.17          
1380    1  0.05  0.24          
1385    0  0.05  0.22          
1390    1  0.04  0.28          
1395    0  0.04  0.26          
1400    0  0.03  0.24          
1405    1  0.03  0.30          
1410    1  0.03  0.36          
1415    4  0.18  0.65          
1420    1  0.23  0.68          
1425    0  0.21  0.63          
1430    1  0.18  0.66          
1435    1  0.16  0.69          
1440    0  0.14  0.63          
1445    0  0.13  0.58          
1450    0  0.12  0.53          
1455    0  0.10  0.49          
1460    0  0.09  0.45          
1465    0  0.08  0.41          
1470    1  0.23  0.46          
1475    0  0.21  0.42          
1480    0  0.18  0.39          
1485    1  0.16  0.44          
1490    1  0.14  0.48          
1495    0  0.13  0.44          
1500    1  0.25  0.48          
1505    1  0.23  0.52          
1510    0  0.22  0.48          
1515    0  0.18  0.44          
1520    0  0.17  0.40          
1525    0  0.14  0.37          
1530    0  0.13  0.34          
1535    0  0.28  0.31          
1540    0  0.24  0.29          
1545    1  0.22  0.35          
1550    0  0.18  0.32          
1555    0  0.17  0.29          
1560    0  0.14  0.27          
1565    0  0.13  0.25          
1570    1  0.12  0.31          
1575    1  0.10  0.37          
1580    0  0.09  0.34          
1585    1  0.08  0.39          
1590    0  0.07  0.36          
1595    0  0.07  0.33          
