0     1  0.080 
5     1  0.154 
10    1  0.221 
15    1  0.283 
20    1  0.341 
25    1  0.393 
30    1  0.442 
35    1  0.487 
40    1  0.528 
45    1  0.565 
50    1  0.600 
55    1  0.632 
60    1  0.662 
65    0  0.609 
70    0  0.560 
75    0  0.515 
80    0  0.474 
85    0  0.436 
90    0  0.401 
95    0  0.369 
100   0  0.340 
105   0  0.312 
110   0  0.288 
115   0  0.265 
120   0  0.243 
125   0  0.224 
130   0  0.206 
135   0  0.190 
140   0  0.174 
145   0  0.160 
150   0  0.148 
155   0  0.136 
160   0  0.125 
165   0  0.115 
170   0  0.106 
175   0  0.097 
180   0  0.090 
185   0  0.082 
190   0  0.076 
195   0  0.070 
200   0  0.064 
205   0  0.059 
210   0  0.054 
215   0  0.050 
220   0  0.046 
225   0  0.042 
230   0  0.039 
235   0  0.036 
240   0  0.033 
245   0  0.030 
250   0  0.028 
255   0  0.026 
260   0  0.024 
265   0  0.022 
270   0  0.020 
275   0  0.018 
280   0  0.017 
285   0  0.016 
290   0  0.014 
295   0  0.013 
300   0  0.012 
305   0  0.011 
