0     1  0.080 
5     1  0.154 
10    1  0.221 
15    1  0.283 
20    1  0.341 
25    1  0.393 
30    1  0.442 
35    1  0.487 
40    1  0.528 
45    1  0.565 
50    1  0.600 
55    1  0.632 
60    1  0.662 
65    1  0.689 
70    1  0.713 
75    1  0.736 
80    1  0.757 
85    1  0.777 
90    1  0.795 
95    1  0.811 
100   1  0.826 
105   1  0.840 
110   1  0.853 
115   1  0.865 
120   1  0.875 
125   1  0.885 
130   0  0.815 
135   0  0.750 
140   0  0.690 
145   0  0.634 
150   0  0.584 
155   0  0.537 
160   0  0.494 
165   0  0.455 
170   0  0.418 
175   0  0.385 
180   0  0.354 
185   0  0.326 
190   0  0.300 
195   0  0.276 
200   0  0.254 
205   0  0.233 
210   0  0.215 
215   0  0.198 
220   0  0.182 
225   0  0.167 
230   0  0.154 
235   0  0.142 
240   0  0.130 
245   0  0.120 
250   0  0.110 
255   0  0.101 
260   0  0.093 
265   0  0.086 
270   0  0.079 
275   0  0.073 
280   0  0.067 
285   0  0.062 
290   0  0.057 
295   0  0.052 
300   0  0.048 
305   0  0.044 
