0     0  0.000 
5     0  0.000 
10    0  0.000 
15    0  0.000 
20    0  0.000 
25    0  0.000 
30    0  0.000 
35    0  0.000 
40    0  0.000 
45    0  0.000 
50    0  0.000 
55    0  0.000 
60    0  0.000 
65    1  0.080 
70    1  0.154 
75    1  0.221 
80    1  0.283 
85    1  0.341 
90    1  0.393 
95    1  0.442 
100   1  0.487 
105   1  0.528 
110   1  0.565 
115   1  0.600 
120   1  0.632 
125   1  0.662 
130   0  0.609 
135   0  0.560 
140   0  0.515 
145   0  0.474 
150   0  0.436 
155   0  0.401 
160   0  0.369 
165   0  0.340 
170   0  0.312 
175   0  0.288 
180   0  0.265 
185   0  0.243 
190   0  0.224 
195   0  0.206 
200   0  0.190 
205   0  0.174 
210   0  0.160 
215   0  0.148 
220   0  0.136 
225   0  0.125 
230   0  0.115 
235   0  0.106 
240   0  0.097 
245   0  0.090 
250   0  0.082 
255   0  0.076 
260   0  0.070 
265   0  0.064 
270   0  0.059 
275   0  0.054 
280   0  0.050 
285   0  0.046 
290   0  0.042 
295   0  0.039 
300   0  0.036 
305   0  0.033 
