0      10.00  0.00   10.00  undef  10.00    10.00     undef     undef     10.00   
5      10.87  0.00   10.07  undef  10.01    10.00     undef     undef     10.01   
10     10.96  0.00   10.14  undef  10.03    10.01     undef     undef     10.07   
15     10.23  0.00   10.15  undef  10.03    10.01     undef     undef     10.14   
20     9.37   0.00   10.09  undef  10.02    10.01     undef     undef     10.15   
25     9.20   0.00   10.01  undef  10.01    10.00     undef     undef     10.09   
30     9.94   0.00   10.01  undef  10.01    10.00     undef     undef     10.02   
35     10.89  0.00   10.08  undef  10.02    10.01     undef     undef     10.01   
40     11.23  0.00   10.17  undef  10.04    10.01     undef     undef     10.08   
45     10.66  0.00   10.21  undef  10.05    10.02     undef     undef     10.17   
50     9.75   0.00   10.17  undef  10.05    10.02     undef     undef     10.21   
55     9.36   0.00   10.11  undef  10.04    10.01     undef     undef     10.18   
60     9.88   0.00   10.09  undef  10.03    10.01     10.18     undef     10.10   
65     10.88  0.00   10.15  undef  10.05    10.02     10.25     undef     10.09   
70     11.43  0.00   10.26  undef  10.07    10.02     10.29     undef     10.15   
75     11.07  0.00   10.32  undef  10.09    10.03     10.30     undef     10.26   
80     10.16  0.00   10.31  undef  10.09    10.03     10.29     undef     10.32   
85     9.55   0.00   10.25  undef  10.08    10.03     10.31     undef     10.31   
90     9.87   0.00   10.22  undef  10.08    10.03     10.36     undef     10.25   
95     10.81  0.00   10.26  undef  10.09    10.03     10.43     undef     10.22   
100    11.55  0.00   10.37  undef  10.11    10.04     10.48     undef     10.26   
105    11.41  0.00   10.45  undef  10.13    10.05     10.49     undef     10.37   
110    10.55  0.00   10.46  undef  10.14    10.05     10.48     undef     10.45   
115    9.80   0.00   10.41  undef  10.13    10.05     10.49     undef     10.46   
120    9.86   0.00   10.36  undef  10.13    10.05     10.52     undef     10.41   
125    10.73  0.00   10.39  undef  10.14    10.05     10.59     undef     10.37   
130    11.59  0.00   10.49  undef  10.16    10.06     10.64     undef     10.39   
135    11.69  0.00   10.58  undef  10.19    10.07     10.66     undef     10.49   
140    10.95  0.00   10.61  undef  10.20    10.07     10.66     undef     10.59   
145    10.07  0.00   10.57  undef  10.20    10.07     10.65     undef     10.61   
150    9.89   0.00   10.52  undef  10.19    10.07     10.67     undef     10.57   
155    10.59  0.00   10.52  undef  10.20    10.08     10.73     undef     10.52   
160    11.53  0.00   10.60  undef  10.22    10.08     10.79     undef     10.52   
165    11.87  0.00   10.70  undef  10.25    10.09     10.81     undef     10.61   
170    11.28  0.00   10.75  undef  10.27    10.10     10.80     undef     10.70   
175    10.35  0.00   10.72  undef  10.27    10.10     10.78     undef     10.75   
180    9.94   0.00   10.66  undef  10.26    10.10     10.80     undef     10.72   
185    10.44  0.00   10.64  undef  10.27    10.10     10.84     undef     10.66   
190    11.41  0.00   10.70  undef  10.29    10.11     10.89     undef     10.64   
