0      0      0.000       
5      2.31405582487 1.205       
10     1.47240112475 1.302       
15     0      0.935       
20     0      0.715       
25     1.60728800165 0.897       
30     1.74924124109 1.051       
35     .16685556663 0.906       
40     0      0.768       
45     0      0.660       
50     .12278344455 0.588       
55     0      0.514       
60     .45302460570 0.506       
65     .89747841632 0.552       
70     .02398987960 0.493       
75     0      0.439       
80     .17923246756 0.412       
85     1.59988825285 0.534       
90     .47574415203 0.528       
95     0      0.476       
100    0      0.430       
105    .51567994538 0.438       
110    1.44627871588 0.533       
115    0      0.483       
120    0      0.439       
125    .36077503573 0.432       
130    2.39637497863 0.608       
135    1.94933729476 0.727       
140    .51420125005 0.708       
145    .44296602321 0.685       
150    1.07079380847 0.718       
155    .84323564565 0.729       
160    .39844602583 0.701       
165    .63916335705 0.695       
170    .50926455798 0.680       
175    0      0.623       
180    0      0.570       
185    1.30517950927 0.632       
190    2.11657473160 0.755       
195    .30935258794 0.718       
200    0      0.659       
205    0      0.605       
210    1.80672773432 0.703       
215    .89862082593 0.719       
220    0      0.661       
225    0      0.607       
230    .42601497648 0.592       
235    1.63226068409 0.677       
240    .55570013650 0.667       
245    0      0.613       
250    .86191502648 0.633       
255    1.83095587066 0.730       
260    1.58212469258 0.799       
265    1.29698583692 0.839       
270    1.36037451538 0.881       
275    .68770876637 0.866       
280    0      0.796       
285    .13199480808 0.742       
290    1.61627128591 0.813       
295    1.35018644585 0.856       
300    0      0.787       
305    0      0.724       
310    1.40803183692 0.779       
315    2.68893250301 0.932       
320    .65990603120 0.910       
325    0      0.837       
330    0      0.770       
335    1.25952186589 0.809       
340    .86644082852 0.814       
345    0      0.749       
350    0      0.689       
355    .37141398662 0.663       
360    1.18385533970 0.705       
365    1.05932434909 0.733       
370    1.30179541455 0.779       
375    1.65312964683 0.849       
380    1.11699612590 0.870       
385    .65450588612 0.853       
390    1.52014696827 0.907       
395    2.21918308151 1.012       
400    .73993635931 0.990       
405    0      0.911       
410    0      0.838       
415    2.09691969394 0.939       
420    2.14316201245 1.035       
425    0      0.952       
430    0      0.876       
435    1.12179716822 0.896       
440    2.46809494207 1.021       
445    .89648231153 1.011       
450    0      0.931       
455    0      0.856       
460    .51133401923 0.829       
465    .45572138074 0.799       
470    0      0.735       
475    .32650676203 0.702       
480    .78377861177 0.709       
485    .65513411931 0.704       
490    1.13442359347 0.739       
495    2.52317648559 0.882       
500    2.67460499385 1.025       
505    .80935258105 1.008       
510    0      0.927       
515    1.35627786185 0.961       
520    2.81193130747 1.109       
525    1.23207389976 1.119       
530    0      1.030       
535    0      0.947       
540    2.15318691570 1.044       
545    2.56790931850 1.166       
550    .59755186267 1.120       
555    0      1.031       
560    .90245546468 1.020       
565    1.68638487922 1.074       
570    .82276598748 1.054       
575    0      0.969       
580    .09203264170 0.899       
585    .08843689415 0.834       
590    0      0.768       
595    .77315184977 0.768       
600    2.08309232212 0.873       
605    1.77781273932 0.946       
610    .45104870000 0.906       
615    .96400764401 0.911       
620    3.17945423112 1.092       
625    3.53757314971 1.288       
630    1.04213692152 1.268       
635    0      1.167       
640    1.05385045980 1.158       
645    2.88328981102 1.296       
650    1.82186352755 1.338       
655    0      1.231       
660    .14128634604 1.144       
665    1.96557901652 1.209       
670    2.35511253839 1.301       
675    1.32747102899 1.303       
680    .87948696514 1.269       
685    1.04218862144 1.251       
690    .68627281586 1.206       
695    .32923965890 1.136       
700    .94758493322 1.121       
705    1.33879898670 1.138       
710    .23800430174 1.066       
715    0      0.981       
720    1.20812025075 0.999       
725    3.44886294114 1.195       
730    2.86872433348 1.329       
735    .68861172030 1.278       
740    .76086273571 1.236       
745    3.11522217815 1.387       
750    3.73512637808 1.574       
755    1.44536506008 1.564       
760    0      1.439       
765    .88657496380 1.395       
770    2.37755405922 1.473       
775    1.94916314883 1.511       
780    .95262300525 1.467       
785    1.16062612656 1.442       
790    1.69443055421 1.462       
795    1.50134743743 1.466       
800    1.44782124114 1.464       
805    1.92448878606 1.501       
810    1.44176561699 1.496       
815    0      1.377       
820    0      1.267       
825    1.41948153554 1.279       
830    2.47001313813 1.374       
835    .84673812829 1.332       
840    0      1.225       
845    1.30936087178 1.232       
850    3.91402684474 1.446       
855    3.51939651035 1.612       
860    1.19738506519 1.579       
865    .78729951487 1.516       
870    2.47223975957 1.592       
875    3.03684916155 1.708       
880    1.60974228747 1.700       
885    .62533212942 1.614       
890    1.07990837517 1.571       
895    1.56564976144 1.571       
900    1.45410208544 1.562       
905    1.79809686224 1.580       
910    2.30880980493 1.639       
915    1.58327358726 1.634       
920    .37753699082 1.534       
925    .92183535035 1.485       
930    2.44629073782 1.562       
935    1.90821708342 1.589       
940    0      1.462       
945    0      1.345       
950    1.39992258822 1.350       
955    3.09390026551 1.489       
960    1.65033857668 1.502       
965    .11458507000 1.391       
970    1.39010266430 1.391       
975    3.55719737937 1.564       
980    3.41734555533 1.712       
985    1.75939804304 1.716       
990    1.27609821399 1.681       
995    1.86192178766 1.695       
1000   1.82554262995 1.706       
1005   1.40163702336 1.682       
1010   1.64688450827 1.679       
1015   1.80386942000 1.689       
1020   .99444467589 1.633       
1025   .68156362374 1.557       
1030   2.14630252813 1.604       
1035   3.28539785600 1.739       
1040   1.78448386632 1.742       
1045   0      1.603       
1050   .20187654240 1.491       
1055   2.40718286812 1.564       
1060   2.28616432302 1.622       
1065   0      1.492       
1070   0      1.373       
1075   1.35433603559 1.371       
1080   3.12505359475 1.512       
1085   2.35463729816 1.579       
1090   1.28644015053 1.556       
1095   1.92044726818 1.585       
1100   2.89768265540 1.690       
1105   2.68652678885 1.770       
1110   2.17935174216 1.802       
1115   2.19045080949 1.833       
1120   1.75854310807 1.827       
1125   .74855566442 1.741       
1130   .98754741739 1.681       
1135   2.57850020136 1.753       
1140   2.88356818187 1.843       
1145   1.05582241899 1.780       
1150   .14623666919 1.649       
1155   2.06124847948 1.682       
1160   3.72607467802 1.846       
1165   2.17010406805 1.872       
1170   0      1.722       
1175   0      1.584       
1180   2.01252290953 1.619       
1185   2.34524658712 1.677       
1190   .68636457477 1.598       
1195   .22531722164 1.488       
1200   1.66822686584 1.502       
1205   2.77070062239 1.604       
1210   2.65599092161 1.688       
1215   2.63377162577 1.763       
1220   2.90462377465 1.855       
1225   2.38646629940 1.897       
1230   1.64130838450 1.877       
1235   2.23326935687 1.905       
1240   3.20112277500 2.009       
1245   2.23005703621 2.027       
1250   .23752307098 1.883       
1255   .61691497665 1.782       
1260   3.09070491634 1.887       
1265   3.78209986284 2.038       
1270   1.61198996567 2.004       
1275   .14653267844 1.856       
1280   1.75054554664 1.847       
1285   3.43300963520 1.974       
1290   2.30311224564 2.000       
1295   .17781155314 1.855       
1300   .16420195970 1.720       
1305   1.54138084631 1.705       
1310   1.92668234675 1.723       
1315   1.52000546450 1.707       
1320   1.82782492883 1.716       
1325   2.38590429876 1.770       
1330   2.23741805615 1.807       
1335   2.35175073717 1.851       
1340   3.52906102237 1.985       
1345   3.89682528026 2.138       
1350   2.16670725664 2.140       
1355   .63266867052 2.020       
1360   1.83355344903 2.005       
1365   3.69482754311 2.140       
1370   2.80435083072 2.193       
1375   .36594759794 2.047       
1380   .46242671176 1.920       
1385   2.96715000830 2.004       
1390   3.93094247440 2.158       
1395   2.07969863271 2.152       
1400   .60785202483 2.028       
1405   1.43398909433 1.981       
1410   2.41700631825 2.016       
1415   1.80376228100 1.999       
1420   .88147972039 1.909       
1425   1.00958801457 1.837       
1430   1.25587783350 1.791       
1435   1.16071608337 1.741       
1440   1.87093950958 1.751       
1445   3.26247759609 1.872       
1450   3.26843547756 1.984       
1455   1.75791532531 1.965       
1460   1.59065819506 1.936       
1465   3.54370013921 2.064       
1470   4.35835935518 2.248       
1475   2.13843797330 2.239       
1480   .03284714585 2.062       
1485   1.22732681143 1.996       
1490   3.44014238191 2.111       
1495   3.02554532797 2.184       
1500   .93667849828 2.085       
1505   .74705567840 1.978       
1510   2.45743289712 2.016       
1515   3.13343635451 2.105       
1520   2.08910805635 2.104       
1525   1.29262993324 2.039       
1530   1.37259555578 1.986       
1535   1.16575016702 1.920       
1540   .77943016256 1.829       
1545   1.37338208384 1.793       
1550   2.11583875007 1.818       
1555   1.41762131299 1.786       
1560   .46591550157 1.681       
1565   1.71680386237 1.684       
1570   4.07330881741 1.875       
1575   3.99423560386 2.044       
1580   1.60889134802 2.009       
1585   .87385353902 1.919       
1590   2.94007481849 2.000       
1595   4.09117649720 2.167       
1600   2.19611525724 2.170       
1605   .16088365705 2.009       
1610   .94413222898 1.924       
1615   2.73052047688 1.988       
1620   2.72350726381 2.047       
1625   1.62674111248 2.014       
1630   1.56089198786 1.977       
1635   2.05130008844 1.983       
1640   1.86159711924 1.974       
1645   1.56954045322 1.941       
1650   1.97339962295 1.944       
1655   1.78978485442 1.932       
1660   .33612474269 1.804       
1665   0      1.660       
1670   1.55745440105 1.652       
1675   3.19235882491 1.775       
1680   2.09469547223 1.800       
1685   .38068629001 1.687       
1690   1.52325804849 1.674       
1695   4.20090613079 1.876       
1700   4.32249029520 2.071       
1705   1.88411528984 2.056       
1710   .77635345077 1.954       
1715   2.26263046565 1.979       
1720   3.25193442902 2.081       
1725   2.16049786027 2.087       
1730   .98734581747 1.999       
1735   1.38753759282 1.950       
1740   2.05484206493 1.959       
1745   2.00303828320 1.962       
1750   2.17270704406 1.979       
1755   2.66889982650 2.034       
1760   2.08483514672 2.038       
1765   .68784252025 1.930       
1770   .75586387272 1.836       
1775   2.38537106556 1.880       
1780   2.47388247740 1.928       
1785   .31173733055 1.798       
1790   0      1.655       
1795   1.61442012749 1.651       
1800   3.83880783682 1.826       
