0      10.00  0.00   10.00  undef  10.00    10.00     undef     undef     10.00   
5      156.46 0.00   21.71  undef  12.42    10.81     undef     undef     10.00   
10     46.63  0.00   23.70  undef  12.99    11.01     undef     undef     21.70   
15     -53.31 0.00   17.55  undef  11.89    10.65     undef     undef     23.70   
20     -28.34 0.00   13.88  undef  11.23    10.44     undef     undef     17.53   
25     -18.28 0.00   11.31  undef  10.74    10.28     undef     undef     13.87   
30     27.10  0.00   12.57  undef  11.01    10.37     undef     undef     11.31   
35     70.36  0.00   17.19  undef  11.99    10.70     undef     undef     12.57   
40     7.73   0.00   16.43  undef  11.92    10.69     undef     undef     17.19   
45     -5.40  0.00   14.69  undef  11.63    10.60     undef     undef     16.43   
50     32.37  0.00   16.10  undef  11.98    10.72     undef     undef     14.69   
55     -34.37 0.00   12.07  undef  11.21    10.47     undef     undef     16.09   
60     -31.79 0.00   8.56   undef  10.50    10.24     13.78     undef     12.06   
65     87.07  0.00   14.84  undef  11.76    10.66     19.71     undef     8.56    
70     42.84  0.00   17.08  undef  12.28    10.84     10.97     undef     14.84   
75     -50.30 0.00   11.69  undef  11.24    10.50     3.51      undef     17.07   
80     22.27  0.00   12.53  undef  11.43    10.57     9.33      undef     11.68   
85     51.53  0.00   15.65  undef  12.09    10.79     15.47     undef     12.53   
90     -26.40 0.00   12.29  undef  11.45    10.59     14.85     undef     15.65   
95     -22.35 0.00   9.52   undef  10.89    10.40     11.04     undef     12.28   
100    17.42  0.00   10.15  undef  11.00    10.44     6.97      undef     9.52    
105    47.48  0.00   13.14  undef  11.60    10.65     10.03     undef     10.15   
110    90.04  0.00   19.29  undef  12.90    11.09     17.37     undef     13.13   
115    -4.71  0.00   17.37  undef  12.61    11.00     14.52     undef     19.27   
120    -128.94 0.00   5.67   undef  10.27    10.22     7.24      undef     17.36   
125    -1.69  0.00   5.08   undef  10.07    10.16     9.56      undef     5.66    
130    137.27 0.00   15.65  undef  12.18    10.86     13.42     undef     5.07    
135    49.32  0.00   18.34  undef  12.79    11.08     13.92     undef     15.65   
140    -21.32 0.00   15.17  undef  12.23    10.90     16.15     undef     18.33   
145    -4.08  0.00   13.63  undef  11.96    10.81     14.12     undef     15.16   
150    -39.92 0.00   9.35   undef  11.10    10.53     7.09      undef     13.63   
155    -9.09  0.00   7.88   undef  10.76    10.42     8.42      undef     9.34    
160    79.06  0.00   13.57  undef  11.89    10.80     16.22     undef     7.87    
165    55.51  0.00   16.92  undef  12.61    11.05     19.15     undef     13.56   
170    11.65  0.00   16.50  undef  12.60    11.06     16.39     undef     16.92   
175    -2.31  0.00   15.00  undef  12.35    10.98     9.29      undef     16.49   
180    -63.36 0.00   8.73   undef  11.10    10.57     4.78      undef     14.98   
185    -11.33 0.00   7.13   undef  10.73    10.45     13.82     undef     8.72    
190    124.41 0.00   16.50  undef  12.61    11.08     23.52     undef     7.12    
195    48.04  0.00   19.03  undef  13.19    11.28     16.66     undef     16.50   
200    -75.02 0.00   11.51  undef  11.74    10.81     7.10      undef     19.02   
205    7.80   0.00   11.21  undef  11.67    10.79     9.34      undef     11.51   
210    64.33  0.00   15.46  undef  12.54    11.09     14.60     undef     11.21   
215    -7.62  0.00   13.61  undef  12.21    10.98     17.08     undef     15.44   
220    -11.50 0.00   11.60  undef  11.82    10.86     16.90     undef     13.61   
225    15.32  0.00   11.90  undef  11.87    10.88     11.99     undef     11.60   
230    31.43  0.00   13.46  undef  12.20    11.00     10.14     undef     11.90   
235    79.07  0.00   18.71  undef  13.30    11.37     15.33     undef     13.46   
240    13.18  0.00   18.27  undef  13.30    11.38     16.52     undef     18.71   
245    -96.80 0.00   9.07   undef  11.48    10.78     13.95     undef     18.26   
250    -.29   0.00   8.32   undef  11.29    10.72     14.80     undef     9.06    
255    102.93 0.00   15.88  undef  12.80    11.23     13.14     undef     8.31    
260    29.44  0.00   16.97  undef  13.08    11.33     11.71     undef     15.88   
265    9.46   0.00   16.37  undef  13.02    11.32     18.21     undef     16.97   
270    37.56  0.00   18.06  undef  13.42    11.47     20.50     undef     16.37   
275    -48.43 0.00   12.74  undef  12.40    11.14     11.83     undef     18.05   
280    -52.33 0.00   7.54   undef  11.33    10.79     8.39      undef     12.74   
285    69.68  0.00   12.51  undef  12.29    11.11     14.63     undef     7.54    
290    92.57  0.00   18.91  undef  13.62    11.56     20.57     undef     12.51   
295    38.58  0.00   20.48  undef  14.03    11.71     21.12     undef     18.91   
300    -16.93 0.00   17.49  undef  13.52    11.55     13.74     15.40     20.48   
305    -89.74 0.00   8.92   undef  11.82    10.99     5.82      13.77     17.48   
310    -14.05 0.00   7.08   undef  11.39    10.85     12.19     10.97     8.91    
315    144.36 0.00   18.06  undef  13.59    11.59     23.32     12.58     7.08    
320    65.24  0.00   21.83  undef  14.44    11.89     20.42     14.52     18.06   
325    -73.97 0.00   14.17  undef  12.98    11.42     12.46     13.77     21.82   
330    -3.88  0.00   12.73  undef  12.70    11.33     11.44     14.01     14.17   
335    48.91  0.00   15.62  undef  13.30    11.54     12.31     14.37     12.72   
340    -7.00  0.00   13.81  undef  12.96    11.44     15.50     13.10     15.62   
345    12.16  0.00   13.68  undef  12.95    11.44     20.46     13.17     13.81   
350    37.05  0.00   15.55  undef  13.35    11.58     17.95     13.87     13.68   
355    14.23  0.00   15.44  undef  13.36    11.60     11.92     13.57     15.55   
360    42.71  0.00   17.62  undef  13.85    11.77     12.24     14.83     15.44   
365    15.88  0.00   17.48  undef  13.88    11.79     14.76     15.61     17.62   
370    -52.83 0.00   11.86  undef  12.78    11.43     17.60     13.32     17.48   
375    19.94  0.00   12.51  undef  12.90    11.48     20.22     12.94     11.86   
380    70.41  0.00   17.14  undef  13.85    11.81     14.53     14.92     12.50   
385    -4.82  0.00   15.38  undef  13.54    11.72     9.14      14.48     17.13   
390    23.64  0.00   16.04  undef  13.71    11.78     16.65     14.02     15.38   
395    79.22  0.00   21.09  undef  14.79    12.16     23.04     15.75     16.04   
400    -40.81 0.00   16.14  undef  13.87    11.86     16.14     15.45     21.09   
405    -83.66 0.00   8.16   undef  12.26    11.33     10.24     13.79     16.14   
410    49.62  0.00   11.48  undef  12.88    11.54     13.12     13.83     8.17    
415    106.39 0.00   19.07  undef  14.42    12.07     18.46     14.10     11.47   
420    61.23  0.00   22.44  undef  15.19    12.34     22.07     15.18     19.07   
425    -10.00 0.00   19.84  undef  14.78    12.22     18.02     17.13     22.44   
430    -98.34 0.00   10.40  undef  12.91    11.61     9.23      15.54     19.84   
435    -29.98 0.00   7.17   undef  12.20    11.38     10.99     12.80     10.38   
440    135.28 0.00   17.41  undef  14.23    12.06     19.86     14.21     7.16    
445    79.24  0.00   22.35  undef  15.31    12.43     20.54     15.86     17.41   
450    -47.50 0.00   16.77  undef  14.27    12.10     17.26     15.15     22.35   
455    -.35   0.00   15.40  undef  14.03    12.03     15.41     15.80     16.76   
460    19.30  0.00   15.71  undef  14.12    12.07     10.80     16.26     15.40   
465    -29.94 0.00   12.06  undef  13.39    11.84     11.64     14.48     15.70   
470    34.92  0.00   13.89  undef  13.74    11.97     20.76     14.14     12.06   
475    77.27  0.00   18.96  undef  14.79    12.33     22.89     15.21     13.88   
480    9.73   0.00   18.22  undef  14.71    12.32     15.45     15.41     18.96   
485    -1.11  0.00   16.67  undef  14.45    12.24     10.66     16.43     18.21   
490    -.27   0.00   15.32  undef  14.20    12.17     11.40     16.61     16.67   
495    -18.71 0.00   12.60  undef  13.66    12.00     17.53     14.27     15.31   
500    50.84  0.00   15.66  undef  14.28    12.22     23.75     14.31     12.60   
505    54.79  0.00   18.78  undef  14.94    12.45     17.55     16.44     15.65   
510    -38.77 0.00   14.18  undef  14.06    12.17     8.48      15.68     18.78   
515    18.40  0.00   14.52  undef  14.13    12.20     13.55     14.92     14.18   
520    103.23 0.00   21.61  undef  15.60    12.71     21.51     16.74     14.52   
525    -23.62 0.00   18.00  undef  14.95    12.51     18.21     16.54     21.60   
530    -89.56 0.00   9.40   undef  13.23    11.94     13.63     14.82     17.99   
535    33.19  0.00   11.30  undef  13.56    12.06     13.49     14.85     9.40    
540    94.83  0.00   17.98  undef  14.90    12.52     14.84     15.11     11.30   
545    62.78  0.00   21.56  undef  15.69    12.80     18.92     15.92     17.97   
550    9.24   0.00   20.57  undef  15.58    12.78     19.72     17.66     21.57   
555    -80.80 0.00   12.47  undef  13.99    12.26     13.53     16.34     20.57   
560    -44.77 0.00   7.89   undef  13.02    11.94     11.52     13.92     12.47   
565    101.59 0.00   15.38  undef  14.48    12.44     15.43     15.10     7.89    
570    76.34  0.00   20.26  undef  15.51    12.79     17.08     16.20     15.38   
575    -10.11 0.00   17.83  undef  15.08    12.67     19.29     15.42     20.25   
580    23.94  0.00   18.32  undef  15.23    12.73     19.71     16.60     17.83   
585    -8.90  0.00   16.14  undef  14.83    12.61     11.09     17.32     18.31   
590    -70.85 0.00   9.19   undef  13.41    12.15     7.46      15.01     16.13   
595    42.31  0.00   11.84  undef  13.89    12.31     17.60     14.19     9.19    
600    121.16 0.00   20.58  undef  15.66    12.92     24.37     15.54     11.83   
605    21.92  0.00   20.68  undef  15.77    12.97     18.76     16.18     20.58   
610    -34.43 0.00   16.28  undef  14.94    12.70     11.28     17.09     20.68   
615    -26.07 0.00   12.89  undef  14.26    12.49     8.56      16.89     16.27   
620    -5.62  0.00   11.41  undef  13.93    12.39     14.35     14.43     12.88   
625    76.34  0.00   16.60  undef  14.96    12.74     23.66     14.61     11.41   
630    60.31  0.00   20.10  undef  15.71    13.01     20.49     16.81     16.60   
635    -53.74 0.00   14.19  undef  14.56    12.64     10.48     16.00     20.09   
640    2.73   0.00   13.28  undef  14.37    12.58     11.47     15.24     14.20   
645    99.48  0.00   20.17  undef  15.78    13.06     17.28     16.98     13.28   
650    -10.45 0.00   17.72  undef  15.34    12.93     17.16     16.61     20.16   
655    -70.89 0.00   10.64  undef  13.92    12.47     17.16     14.84     17.72   
660    36.78  0.00   12.73  undef  14.30    12.60     16.73     15.21     10.63   
665    70.34  0.00   17.33  undef  15.22    12.92     12.82     15.67     12.73   
670    38.41  0.00   19.02  undef  15.60    13.06     14.09     16.04     17.33   
675    26.77  0.00   19.64  undef  15.79    13.14     18.80     17.34     19.01   
680    -40.85 0.00   14.80  undef  14.85    12.84     17.66     16.35     19.63   
685    -43.70 0.00   10.12  undef  13.89    12.53     14.73     14.47     14.79   
690    58.38  0.00   13.98  undef  14.62    12.78     13.35     15.51     10.12   
695    54.35  0.00   17.21  undef  15.28    13.01     12.89     16.01     13.98   
700    21.23  0.00   17.53  undef  15.38    13.06     18.66     15.06     17.21   
705    61.20  0.00   21.02  undef  16.13    13.32     23.16     16.74     17.53   
710    -20.32 0.00   17.72  undef  15.53    13.14     13.94     17.77     21.01   
715    -110.35 0.00   7.48   undef  13.45    12.45     6.26      15.15     17.71   
720    32.43  0.00   9.47   undef  13.76    12.56     14.21     13.94     7.48    
725    149.20 0.00   20.64  undef  16.00    13.32     22.85     15.38     9.47    
730    42.89  0.00   22.42  undef  16.45    13.48     20.74     16.25     20.64   
735    -43.53 0.00   17.15  undef  15.46    13.17     14.44     17.15     22.42   
740    -45.44 0.00   12.15  undef  14.45    12.84     8.88      16.89     17.14   
745    -13.87 0.00   10.07  undef  13.98    12.70     10.96     14.45     12.13   
750    81.82  0.00   15.80  undef  15.10    13.08     20.61     14.49     10.06   
755    77.00  0.00   20.70  undef  16.13    13.43     22.05     16.53     15.79   
760    -39.40 0.00   15.89  undef  15.21    13.14     14.84     15.89     20.69   
765    -7.82  0.00   13.99  undef  14.83    13.02     12.60     15.45     15.88   
770    72.28  0.00   18.66  undef  15.78    13.35     13.45     17.12     13.99   
775    -16.13 0.00   15.87  undef  15.25    13.19     13.78     16.29     18.65   
780    -39.24 0.00   11.47  undef  14.35    12.90     19.25     14.38     15.86   
785    63.56  0.00   15.63  undef  15.16    13.18     21.64     15.26     11.46   
790    49.65  0.00   18.35  undef  15.73    13.38     13.98     16.09     15.63   
795    -2.36  0.00   16.70  undef  15.43    13.29     10.50     16.06     18.34   
800    29.24  0.00   17.70  undef  15.66    13.38     16.10     16.84     16.70   
805    3.65   0.00   16.58  undef  15.46    13.33     19.88     16.07     17.70   
810    -24.25 0.00   13.31  undef  14.81    13.12     19.08     14.77     16.57   
815    25.35  0.00   14.27  undef  14.98    13.19     14.73     15.82     13.31   
820    23.85  0.00   15.04  undef  15.13    13.25     10.64     15.91     14.28   
825    34.64  0.00   16.61  undef  15.45    13.37     16.34     14.79     15.04   
830    94.26  0.00   22.82  undef  16.75    13.81     24.19     16.72     16.60   
835    -12.13 0.00   20.02  undef  16.27    13.67     17.70     17.99     22.81   
840    -130.04 0.00   8.02   undef  13.86    12.87     8.94      15.31     20.02   
845    15.58  0.00   8.63   undef  13.88    12.89     13.15     14.02     8.02    
850    152.09 0.00   20.10  undef  16.17    13.66     19.96     15.48     8.62    
855    58.50  0.00   23.17  undef  16.87    13.91     20.64     16.29     20.09   
860    -28.28 0.00   19.06  undef  16.12    13.68     18.65     17.15     23.16   
865    -42.28 0.00   14.15  undef  15.16    13.37     13.15     17.19     19.05   
870    -33.36 0.00   10.35  undef  14.36    13.11     10.30     14.98     14.14   
875    60.26  0.00   14.34  undef  15.11    13.37     16.80     14.71     10.35   
880    90.37  0.00   20.42  undef  16.36    13.79     21.80     16.36     14.34   
885    -2.02  0.00   18.63  undef  16.05    13.71     19.81     15.93     20.42   
890    -.79   0.00   17.07  undef  15.78    13.63     17.09     16.07     18.62   
895    35.63  0.00   18.56  undef  16.10    13.75     12.58     17.81     17.07   
900    -41.86 0.00   13.73  undef  15.15    13.44     10.29     16.43     18.55   
905    -13.04 0.00   11.59  undef  14.68    13.29     19.29     14.23     13.72   
910    105.38 0.00   19.09  undef  16.18    13.80     26.20     15.60     11.58   
915    45.80  0.00   21.22  undef  16.67    13.98     18.02     16.92     19.08   
920    -42.88 0.00   16.10  undef  15.68    13.67     10.23     16.64     21.22   
925    16.75  0.00   16.15  undef  15.70    13.68     13.69     17.01     16.09   
930    35.67  0.00   17.71  undef  16.03    13.80     19.69     16.34     16.15   
935    2.90   0.00   16.53  undef  15.82    13.74     22.47     15.40     17.71   
940    15.70  0.00   16.46  undef  15.81    13.76     19.05     16.54     16.53   
945    -.26   0.00   15.12  undef  15.55    13.68     12.08     16.49     16.45   
950    27.86  0.00   16.14  undef  15.75    13.76     14.37     15.32     15.13   
955    107.49 0.00   23.45  undef  17.27    14.28     22.70     17.25     16.14   
960    5.91   0.00   22.04  undef  17.08    14.23     20.42     18.51     23.44   
965    -121.66 0.00   10.55  undef  14.79    13.48     14.28     15.91     22.04   
970    5.27   0.00   10.13  undef  14.63    13.43     15.69     14.84     10.55   
