     0  11 0.76 0.48 0.35 
     5  11 1.58 0.65 0.40 
    10  11 2.33 0.82 0.46 
    15  11 3.59 1.14 0.57 
    20  11 4.18 1.31 0.62 
    25  11 4.65 1.45 0.68 
    30  11 5.08 1.59 0.73 
    35  11 5.47 1.73 0.78 
    40  11 5.83 1.87 0.83 
    45  11 6.25 2.02 0.88 
    50  11 6.55 2.15 0.93 
    55  11 6.82 2.29 0.98 
    60  11 7.08 2.41 1.03 
    65  11 7.39 2.56 1.08 
    70  11 7.68 2.70 1.13 
    75  11 7.87 2.82 1.18 
    80  11 8.04 2.94 1.23 
    85  11 8.20 3.06 1.28 
    90  11 8.34 3.17 1.32 
    95  11 8.55 3.30 1.38 
   100  11 8.67 3.41 1.42 
   105  11 8.78 3.52 1.47 
   110  11 8.88 3.63 1.52 
   115  11 8.97 3.74 1.56 
   120  11 9.05 3.84 1.61 
   125  11 9.20 3.96 1.66 
   130  11 9.27 4.06 1.70 
   135  11 9.41 4.18 1.75 
   140  11 9.46 4.27 1.80 
   145  11 9.58 4.38 1.85 
   150  11 9.69 4.49 1.90 
   155  11 9.72 4.59 1.94 
   160  11 9.74 4.68 1.98 
   165  11 9.76 4.77 2.03 
   170  11 9.78 4.85 2.07 
   175  11 9.80 4.94 2.11 
   180  11 9.89 5.04 2.16 
   185  11 9.90 5.12 2.20 
   190  11 9.99 5.22 2.25 
   195  11 9.99 5.30 2.29 
   200  11 9.99 5.38 2.33 
   205  11 9.99 5.45 2.38 
   210  11 10.00 5.53 2.42 
   215  11 10.08 5.62 2.46 
   220  11 10.31 5.74 2.52 
   225  11 10.45 5.85 2.57 
   230  11 10.41 5.92 2.61 
   235  11 10.38 5.98 2.65 
   240  11 10.35 6.05 2.69 
   245  11 10.32 6.12 2.73 
   250  11 10.29 6.18 2.77 
   255  11 10.27 6.25 2.81 
   260  11 10.25 6.31 2.85 
   265  12 10.31 6.39 2.89 
   270  12 10.28 6.45 2.93 
   275  11 10.26 6.51 2.97 
   280  11 10.32 6.58 3.01 
   285  11 10.29 6.64 3.05 
   290  11 10.27 6.69 3.09 
   295  11 10.25 6.75 3.12 
   300  11 10.23 6.80 3.16 
   305  11 10.21 6.86 3.20 
   310  11 10.19 6.91 3.23 
   315  11 10.18 6.96 3.27 
   320  11 10.16 7.01 3.31 
   325  11 10.15 7.06 3.34 
   330  12 10.14 7.11 3.38 
   335  11 10.13 7.16 3.42 
   340  11 10.12 7.20 3.45 
   345  11 10.11 7.25 3.49 
   350  12 10.10 7.30 3.52 
   355  11 10.17 7.36 3.56 
   360  11 10.16 7.40 3.60 
   365  11 10.14 7.45 3.63 
   370  11 10.13 7.49 3.67 
   375  11 10.20 7.55 3.71 
   380  11 10.27 7.61 3.75 
   385  11 10.32 7.66 3.79 
   390  11 10.30 7.70 3.82 
   395  11 10.27 7.74 3.85 
   400  11 10.33 7.79 3.89 
   405  11 10.31 7.83 3.92 
   410  11 10.36 7.88 3.96 
   415  11 10.33 7.92 3.99 
   420  11 10.31 7.95 4.03 
   425  11 10.28 7.99 4.06 
   430  11 10.26 8.02 4.09 
   435  11 10.24 8.05 4.12 
   440  11 10.22 8.09 4.16 
   445  11 10.20 8.12 4.19 
   450  11 10.18 8.15 4.22 
   455  11 10.17 8.18 4.25 
   460  11 10.16 8.21 4.28 
   465  11 10.22 8.26 4.32 
   470  11 10.20 8.29 4.35 
   475  11 10.27 8.33 4.38 
   480  11 10.33 8.38 4.42 
   485  11 10.46 8.44 4.46 
   490  11 10.59 8.50 4.50 
   495  11 10.62 8.54 4.54 
   500  11 10.65 8.58 4.57 
   505  11 10.68 8.62 4.61 
   510  11 10.65 8.68 4.67 
   515  11 10.60 8.71 4.70 
   520  11 10.55 8.73 4.73 
   525  11 10.51 8.75 4.76 
   530  12 10.47 8.77 4.78 
   535  11 10.43 8.79 4.81 
   540  11 10.39 8.81 4.84 
   545  11 10.36 8.83 4.87 
   550  11 10.33 8.85 4.90 
   555  11 10.31 8.87 4.92 
   560  11 10.28 8.89 4.95 
   565  11 10.34 8.92 4.98 
   570  11 10.31 8.94 5.01 
   575  11 10.29 8.96 5.04 
   580  11 10.26 8.98 5.07 
   585  11 10.24 8.99 5.09 
   590  11 10.22 9.01 5.12 
   595  11 10.20 9.03 5.14 
   600  11 10.19 9.04 5.17 
   605  11 10.17 9.06 5.20 
   610  11 10.16 9.08 5.22 
   615  11 10.15 9.09 5.25 
   620  11 10.13 9.11 5.28 
   625  11 10.12 9.12 5.30 
   630  11 10.11 9.14 5.33 
   635  11 10.10 9.15 5.35 
   640  11 10.10 9.17 5.38 
   645  11 10.09 9.18 5.40 
   650  11 10.16 9.21 5.43 
   655  11 10.15 9.22 5.46 
   660  11 10.22 9.25 5.49 
   665  11 10.20 9.27 5.51 
   670  11 10.26 9.29 5.54 
   675  11 10.24 9.31 5.57 
   680  11 10.22 9.32 5.59 
   685  11 10.20 9.33 5.61 
   690  11 10.27 9.36 5.64 
   695  11 10.25 9.37 5.67 
   700  11 10.23 9.38 5.69 
   705  11 10.21 9.39 5.71 
   710  11 10.19 9.40 5.74 
   715  11 10.26 9.43 5.76 
   720  11 10.23 9.44 5.79 
   725  11 10.22 9.45 5.81 
   730  11 10.20 9.46 5.83 
   735  11 10.18 9.47 5.86 
   740  11 10.25 9.49 5.88 
   745  11 10.23 9.50 5.91 
   750  11 10.21 9.51 5.93 
   755  11 10.19 9.52 5.95 
   760  11 10.18 9.52 5.97 
   765  11 10.16 9.53 5.99 
   770  11 10.15 9.54 6.02 
   775  11 10.38 9.60 6.05 
   780  11 10.35 9.61 6.08 
   785  11 10.32 9.61 6.10 
   790  11 10.29 9.62 6.12 
   795  11 10.27 9.63 6.14 
   800  11 10.25 9.63 6.16 
   805  11 10.31 9.65 6.19 
   810  11 10.28 9.66 6.21 
   815  11 10.26 9.67 6.23 
   820  11 10.24 9.67 6.25 
   825  11 10.22 9.68 6.27 
   830  11 10.20 9.68 6.29 
   835  11 10.18 9.69 6.31 
   840  11 10.25 9.71 6.33 
   845  11 10.31 9.73 6.36 
   850  11 10.37 9.75 6.39 
   855  11 10.34 9.76 6.40 
   860  11 10.39 9.78 6.43 
   865  11 10.36 9.78 6.45 
   870  11 10.33 9.79 6.47 
   875  11 10.30 9.79 6.49 
   880  11 10.28 9.79 6.51 
   885  11 10.26 9.80 6.53 
   890  11 10.24 9.80 6.54 
   895  11 10.22 9.81 6.56 
   900  11 10.20 9.81 6.58 
   905  11 10.18 9.81 6.60 
   910  11 10.17 9.82 6.62 
   915  12 10.15 9.82 6.64 
   920  12 10.14 9.82 6.66 
   925  11 10.13 9.83 6.67 
   930  11 10.12 9.83 6.69 
   935  11 10.11 9.83 6.71 
   940  11 10.10 9.83 6.73 
   945  11 10.09 9.84 6.75 
   950  11 10.08 9.84 6.76 
   955  11 10.16 9.86 6.79 
   960  11 10.23 9.88 6.81 
   965  11 10.29 9.90 6.83 
   970  11 10.43 9.93 6.86 
   975  11 10.47 9.95 6.88 
   980  11 10.51 9.97 6.91 
   985  12 10.55 9.99 6.93 
   990  11 10.47 9.99 6.96 
   995  11 10.43 9.99 6.98 
  1000  12 10.40 9.99 6.99 
  1005  11 10.36 9.99 7.01 
  1010  11 10.33 9.99 7.03 
  1015  11 10.31 9.99 7.04 
  1020  11 10.28 9.99 7.06 
  1025  11 10.26 9.99 7.08 
  1030  11 10.24 9.99 7.09 
  1035  11 10.54 10.06 7.13 
  1040  11 10.58 10.07 7.15 
  1045  11 10.53 10.07 7.16 
  1050  11 10.49 10.07 7.18 
  1055  11 10.45 10.07 7.20 
  1060  12 10.41 10.07 7.21 
  1065  11 10.38 10.07 7.23 
  1070  11 10.35 10.07 7.24 
  1075  11 10.32 10.06 7.26 
  1080  11 10.29 10.06 7.27 
  1085  11 10.27 10.06 7.29 
  1090  11 10.25 10.06 7.30 
  1095  11 10.23 10.06 7.32 
  1100  11 10.21 10.06 7.33 
  1105  11 10.19 10.06 7.35 
  1110  11 10.26 10.07 7.37 
  1115  11 10.24 10.07 7.38 
  1120  11 10.22 10.07 7.39 
  1125  11 10.20 10.07 7.41 
  1130  11 10.26 10.08 7.43 
  1135  11 10.24 10.08 7.44 
  1140  11 10.22 10.08 7.46 
  1145  11 10.21 10.08 7.47 
  1150  11 10.19 10.08 7.48 
  1155  11 10.25 10.09 7.50 
  1160  11 10.23 10.09 7.52 
  1165  11 10.21 10.09 7.53 
  1170  11 10.28 10.10 7.55 
  1175  11 10.26 10.10 7.56 
  1180  11 10.23 10.10 7.58 
  1185  11 10.22 10.10 7.59 
  1190  11 10.28 10.11 7.61 
  1195  11 10.26 10.11 7.62 
  1200  11 10.32 10.13 7.64 
  1205  11 10.29 10.12 7.65 
  1210  11 10.27 10.12 7.66 
  1215  11 10.33 10.14 7.68 
  1220  11 10.30 10.13 7.69 
  1225  11 10.28 10.13 7.71 
  1230  11 10.25 10.13 7.72 
  1235  11 10.23 10.13 7.73 
  1240  11 10.21 10.12 7.75 
  1245  11 10.20 10.12 7.76 
  1250  11 10.26 10.14 7.77 
  1255  11 10.24 10.13 7.79 
  1260  11 10.30 10.15 7.80 
  1265  11 10.28 10.15 7.82 
  1270  11 10.25 10.14 7.83 
  1275  11 10.23 10.14 7.84 
  1280  11 10.21 10.14 7.85 
  1285  11 10.20 10.14 7.86 
  1290  11 10.42 10.18 7.89 
  1295  11 10.39 10.18 7.90 
  1300  11 10.36 10.18 7.92 
  1305  11 10.41 10.19 7.93 
  1310  11 10.37 10.19 7.94 
  1315  11 10.34 10.18 7.95 
  1320  11 10.40 10.20 7.97 
  1325  11 10.37 10.19 7.98 
  1330  11 10.34 10.19 7.99 
  1335  11 10.31 10.19 8.00 
  1340  11 10.36 10.20 8.02 
  1345  11 10.33 10.20 8.03 
  1350  11 10.31 10.19 8.04 
  1355  11 10.44 10.22 8.06 
  1360  11 10.41 10.22 8.07 
  1365  11 10.38 10.22 8.09 
  1370  11 10.35 10.21 8.10 
  1375  11 10.40 10.23 8.11 
  1380  11 10.37 10.22 8.12 
  1385  11 10.34 10.22 8.13 
  1390  11 10.31 10.21 8.14 
  1395  11 10.28 10.21 8.15 
  1400  11 10.26 10.21 8.16 
  1405  11 10.24 10.20 8.17 
  1410  11 10.22 10.20 8.18 
  1415  11 10.20 10.20 8.19 
  1420  11 10.19 10.19 8.20 
  1425  11 10.25 10.21 8.22 
  1430  11 10.23 10.20 8.23 
  1435  11 10.21 10.20 8.24 
  1440  11 10.20 10.20 8.25 
  1445  11 10.18 10.19 8.26 
  1450  11 10.16 10.19 8.27 
  1455  11 10.15 10.18 8.28 
  1460  11 10.22 10.20 8.29 
  1465  11 10.28 10.21 8.31 
  1470  11 10.34 10.23 8.32 
  1475  11 10.39 10.24 8.36 
  1480  11 10.48 10.26 8.36 
  1485  11 10.44 10.26 8.37 
  1490  11 10.41 10.25 8.38 
  1495  11 10.37 10.25 8.39 
  1500  11 10.34 10.25 8.40 
  1505  11 10.31 10.24 8.41 
  1510  11 10.29 10.24 8.42 
  1515  11 10.27 10.23 8.43 
  1520  11 10.24 10.23 8.43 
  1525  11 10.22 10.22 8.44 
  1530  11 10.21 10.22 8.45 
  1535  11 10.19 10.22 8.46 
  1540  11 10.17 10.21 8.47 
  1545  11 10.16 10.21 8.48 
  1550  11 10.15 10.20 8.49 
  1555  11 10.13 10.20 8.49 
  1560  11 10.20 10.22 8.51 
  1565  11 10.19 10.21 8.52 
  1570  11 10.17 10.21 8.52 
  1575  11 10.16 10.20 8.53 
  1580  11 10.15 10.20 8.54 
  1585  11 10.13 10.20 8.55 
  1590  11 10.20 10.21 8.56 
  1595  11 10.19 10.21 8.57 
  1600  11 10.17 10.20 8.58 
  1605  11 10.16 10.20 8.59 
  1610  11 10.14 10.20 8.59 
  1615  11 10.13 10.19 8.60 
  1620  11 10.12 10.19 8.61 
  1625  11 10.11 10.19 8.62 
  1630  11 10.10 10.18 8.63 
  1635  12 10.09 10.18 8.63 
  1640  11 10.09 10.18 8.64 
  1645  11 10.08 10.17 8.65 
  1650  11 10.07 10.17 8.66 
  1655  11 10.07 10.17 8.66 
  1660  11 10.06 10.16 8.67 
  1665  11 10.06 10.16 8.68 
  1670  11 10.05 10.16 8.68 
  1675  11 10.05 10.15 8.69 
  1680  11 10.04 10.15 8.70 
  1685  11 10.04 10.15 8.71 
  1690  11 10.04 10.15 8.71 
  1695  11 10.03 10.14 8.72 
  1700  11 10.03 10.14 8.73 
  1705  11 10.03 10.14 8.74 
  1710  11 10.02 10.14 8.74 
  1715  11 10.02 10.13 8.75 
  1720  11 10.02 10.13 8.76 
  1725  11 10.02 10.13 8.76 
  1730  12 10.02 10.13 8.77 
  1735  11 10.02 10.12 8.78 
  1740  11 10.01 10.12 8.78 
  1745  12 10.01 10.12 8.79 
  1750  11 10.01 10.12 8.80 
  1755  11 10.01 10.11 8.80 
  1760  12 10.09 10.13 8.82 
  1765  11 10.16 10.14 8.83 
  1770  11 10.15 10.14 8.83 
  1775  11 10.22 10.16 8.85 
  1780  11 10.20 10.15 8.85 
  1785  11 10.18 10.15 8.86 
  1790  11 10.17 10.15 8.87 
  1795  11 10.16 10.14 8.87 
  1800  11 10.14 10.14 8.88 
  1805  11 10.13 10.14 8.88 
  1810  11 10.12 10.14 8.89 
  1815  11 10.19 10.15 8.90 
  1820  11 10.18 10.15 8.91 
  1825  11 10.16 10.15 8.91 
  1830  11 10.15 10.14 8.92 
  1835  11 10.14 10.14 8.93 
  1840  11 10.20 10.16 8.94 
  1845  11 10.19 10.15 8.94 
  1850  11 10.17 10.15 8.95 
  1855  11 10.16 10.15 8.96 
  1860  11 10.23 10.16 8.97 
  1865  11 10.21 10.16 8.97 
  1870  11 10.19 10.16 8.98 
  1875  11 10.18 10.15 8.98 
  1880  11 10.16 10.15 8.99 
  1885  11 10.15 10.15 9.00 
  1890  11 10.14 10.14 9.00 
  1895  11 10.12 10.14 9.01 
  1900  11 10.11 10.14 9.01 
  1905  11 10.10 10.14 9.02 
  1910  11 10.10 10.13 9.02 
  1915  11 10.09 10.13 9.03 
  1920  11 10.24 10.16 9.04 
  1925  11 10.22 10.16 9.05 
  1930  11 10.20 10.16 9.06 
  1935  11 10.19 10.15 9.06 
  1940  11 10.17 10.15 9.07 
  1945  11 10.16 10.15 9.07 
  1950  11 10.23 10.16 9.08 
  1955  11 10.29 10.18 9.09 
  1960  11 10.35 10.19 9.10 
  1965  11 10.40 10.20 9.11 
  1970  11 10.41 10.21 9.13 
  1975  11 10.38 10.21 9.13 
  1980  11 10.35 10.21 9.14 
  1985  11 10.32 10.20 9.14 
  1990  11 10.29 10.20 9.15 
  1995  11 10.27 10.20 9.15 
  2000  11 10.25 10.19 9.16 
  2005  11 10.23 10.19 9.16 
  2010  11 10.29 10.20 9.17 
  2015  11 10.27 10.20 9.18 
  2020  11 10.24 10.20 9.18 
  2025  11 10.22 10.19 9.19 
  2030  11 10.21 10.19 9.19 
  2035  11 10.27 10.20 9.20 
  2040  11 10.57 10.27 9.23 
  2045  11 10.68 10.29 9.24 
  2050  11 10.71 10.31 9.25 
  2055  12 10.81 10.33 9.27 
  2060  11 10.83 10.35 9.28 
  2065  11 10.76 10.34 9.28 
  2070  11 10.70 10.33 9.29 
  2075  11 10.64 10.33 9.29 
  2080  11 10.59 10.32 9.29 
  2085  11 10.54 10.32 9.30 
  2090  11 10.50 10.31 9.30 
  2095  11 10.46 10.31 9.30 
  2100  11 10.50 10.32 9.31 
  2105  11 10.62 10.35 9.33 
  2110  11 10.65 10.36 9.34 
  2115  11 10.60 10.35 9.34 
  2120  11 10.55 10.35 9.35 
  2125  11 10.51 10.34 9.35 
  2130  11 10.47 10.33 9.35 
  2135  11 10.43 10.33 9.36 
  2140  11 10.39 10.32 9.36 
  2145  11 10.36 10.32 9.37 
  2150  11 10.33 10.31 9.37 
  2155  11 10.31 10.31 9.37 
  2160  11 10.28 10.30 9.38 
  2165  11 10.26 10.30 9.38 
  2170  11 10.24 10.29 9.38 
  2175  11 10.22 10.29 9.39 
  2180  11 10.20 10.28 9.39 
  2185  11 10.18 10.28 9.39 
  2190  11 10.17 10.27 9.40 
  2195  11 10.24 10.28 9.40 
  2200  11 10.22 10.28 9.41 
  2205  11 10.20 10.27 9.41 
  2210  11 10.18 10.27 9.41 
  2215  11 10.17 10.26 9.42 
  2220  11 10.16 10.26 9.42 
  2225  11 10.14 10.25 9.43 
  2230  11 10.13 10.25 9.43 
  2235  11 10.12 10.25 9.43 
  2240  11 10.11 10.24 9.44 
  2245  11 10.10 10.24 9.44 
  2250  11 10.09 10.23 9.44 
  2255  11 10.08 10.23 9.45 
  2260  11 10.16 10.24 9.45 
  2265  11 10.15 10.24 9.46 
  2270  11 10.13 10.23 9.46 
  2275  11 10.20 10.25 9.47 
  2280  11 10.43 10.29 9.49 
  2285  11 10.39 10.29 9.49 
  2290  11 10.44 10.30 9.50 
  2295  11 10.41 10.29 9.50 
  2300  11 10.37 10.29 9.50 
  2305  11 10.34 10.28 9.51 
  2310  11 10.40 10.30 9.52 
  2315  11 10.36 10.29 9.52 
  2320  11 10.33 10.29 9.52 
  2325  11 10.31 10.28 9.52 
  2330  11 10.28 10.28 9.53 
  2335  11 10.26 10.27 9.53 
  2340  11 10.24 10.27 9.53 
  2345  12 10.22 10.26 9.54 
  2350  11 10.20 10.26 9.54 
  2355  11 10.18 10.25 9.54 
  2360  11 10.17 10.25 9.55 
  2365  11 10.16 10.24 9.55 
  2370  11 10.14 10.24 9.55 
  2375  11 10.13 10.24 9.55 
  2380  11 10.12 10.23 9.56 
  2385  11 10.11 10.23 9.56 
  2390  11 10.10 10.22 9.56 
  2395  11 10.09 10.22 9.56 
  2400  11 10.09 10.22 9.57 
  2405  11 10.08 10.21 9.57 
  2410  11 10.15 10.22 9.58 
  2415  11 10.22 10.24 9.58 
  2420  11 10.28 10.25 9.59 
  2425  11 10.42 10.28 9.60 
  2430  11 10.47 10.29 9.61 
  2435  11 10.59 10.32 9.63 
  2440  11 10.62 10.33 9.63 
  2445  11 10.53 10.32 9.64 
  2450  11 10.56 10.33 9.65 
  2455  11 10.52 10.33 9.65 
  2460  11 10.48 10.32 9.65 
  2465  11 10.44 10.32 9.65 
  2470  11 10.40 10.31 9.65 
  2475  11 10.37 10.30 9.66 
  2480  11 10.34 10.30 9.66 
  2485  11 10.31 10.29 9.66 
  2490  11 10.29 10.29 9.66 
  2495  11 10.35 10.30 9.67 
  2500  11 10.32 10.30 9.67 
  2505  11 10.29 10.29 9.67 
  2510  12 10.27 10.29 9.67 
  2515  11 10.25 10.28 9.68 
  2520  11 10.23 10.28 9.68 
  2525  11 10.29 10.29 9.69 
  2530  12 10.35 10.30 9.69 
  2535  12 10.32 10.29 9.69 
  2540  11 10.37 10.31 9.70 
  2545  11 10.34 10.30 9.70 
  2550  11 10.31 10.30 9.71 
  2555  11 10.29 10.29 9.71 
  2560  11 10.27 10.29 9.71 
  2565  11 10.32 10.30 9.72 
  2570  11 10.30 10.29 9.72 
  2575  11 10.27 10.29 9.72 
  2580  11 10.25 10.28 9.72 
  2585  11 10.23 10.28 9.72 
  2590  11 10.21 10.27 9.73 
  2595  11 10.20 10.27 9.73 
  2600  11 10.18 10.26 9.73 
  2605  11 10.16 10.26 9.73 
  2610  11 10.15 10.25 9.73 
  2615  11 10.14 10.25 9.73 
  2620  11 10.13 10.25 9.74 
  2625  11 10.12 10.24 9.74 
  2630  11 10.11 10.24 9.74 
  2635  11 10.10 10.23 9.74 
  2640  11 10.09 10.23 9.74 
  2645  11 10.08 10.22 9.74 
  2650  11 10.16 10.24 9.75 
  2655  11 10.14 10.23 9.75 
  2660  11 10.13 10.23 9.75 
  2665  11 10.12 10.23 9.75 
  2670  11 10.11 10.22 9.76 
  2675  11 10.18 10.23 9.76 
  2680  11 10.17 10.23 9.76 
  2685  12 10.15 10.23 9.77 
  2690  11 10.14 10.22 9.77 
  2695  11 10.13 10.22 9.77 
  2700  11 10.12 10.22 9.77 
  2705  11 10.11 10.21 9.77 
  2710  11 10.10 10.21 9.77 
  2715  11 10.09 10.20 9.77 
  2720  11 10.08 10.20 9.78 
  2725  11 10.08 10.20 9.78 
  2730  11 10.07 10.19 9.78 
  2735  11 10.07 10.19 9.78 
  2740  11 10.06 10.19 9.78 
  2745  11 10.06 10.18 9.78 
  2750  11 10.13 10.20 9.79 
  2755  11 10.12 10.19 9.79 
  2760  11 10.11 10.19 9.79 
  2765  11 10.10 10.19 9.79 
  2770  11 10.17 10.20 9.80 
  2775  11 10.16 10.20 9.80 
  2780  11 10.15 10.19 9.80 
  2785  11 10.13 10.19 9.81 
  2790  11 10.12 10.19 9.81 
  2795  11 10.11 10.18 9.81 
  2800  11 10.10 10.18 9.81 
  2805  11 10.10 10.18 9.81 
  2810  11 10.09 10.17 9.81 
  2815  11 10.08 10.17 9.81 
  2820  11 10.07 10.17 9.82 
  2825  11 10.07 10.16 9.82 
  2830  11 10.06 10.16 9.82 
  2835  11 10.06 10.16 9.82 
  2840  11 10.05 10.16 9.82 
  2845  11 10.13 10.17 9.83 
  2850  11 10.12 10.17 9.83 
  2855  11 10.11 10.16 9.83 
  2860  11 10.10 10.16 9.83 
  2865  11 10.09 10.16 9.83 
  2870  11 10.08 10.16 9.83 
  2875  11 10.16 10.17 9.84 
  2880  11 10.22 10.18 9.85 
  2885  11 10.29 10.20 9.85 
  2890  11 10.34 10.21 9.86 
  2895  11 10.40 10.22 9.86 
  2900  11 10.53 10.25 9.88 
  2905  11 10.56 10.27 9.88 
  2910  11 10.60 10.28 9.89 
  2915  11 10.63 10.29 9.89 
  2920  11 10.61 10.30 9.90 
  2925  11 10.56 10.29 9.90 
  2930  11 10.51 10.29 9.90 
  2935  11 10.47 10.28 9.91 
  2940  11 10.43 10.28 9.91 
  2945  11 10.40 10.27 9.91 
  2950  11 10.53 10.30 9.92 
  2955  11 10.48 10.30 9.92 
  2960  11 10.45 10.29 9.92 
  2965  11 10.41 10.29 9.92 
  2970  12 10.38 10.28 9.92 
  2975  11 10.35 10.28 9.92 
  2980  11 10.32 10.27 9.92 
  2985  11 10.29 10.27 9.92 
  2990  11 10.27 10.26 9.92 
  2995  11 10.25 10.26 9.92 
  3000  11 10.31 10.27 9.93 
  3005  11 10.28 10.27 9.93 
  3010  11 10.26 10.26 9.93 
  3015  11 10.24 10.26 9.93 
  3020  11 10.22 10.25 9.93 
  3025  11 10.28 10.26 9.94 
  3030  12 10.26 10.26 9.94 
  3035  11 10.24 10.26 9.94 
  3040  11 10.22 10.25 9.94 
  3045  11 10.20 10.25 9.94 
  3050  11 10.18 10.24 9.94 
  3055  11 10.17 10.24 9.94 
  3060  11 10.24 10.25 9.95 
  3065  12 10.22 10.25 9.95 
  3070  11 10.20 10.24 9.95 
  3075  11 10.18 10.24 9.95 
  3080  11 10.17 10.23 9.95 
  3085  11 10.16 10.23 9.95 
  3090  11 10.14 10.22 9.95 
  3095  11 10.13 10.22 9.95 
  3100  11 10.12 10.22 9.95 
  3105  11 10.11 10.21 9.95 
  3110  11 10.10 10.21 9.95 
  3115  11 10.09 10.21 9.95 
  3120  11 10.08 10.20 9.95 
  3125  11 10.08 10.20 9.95 
  3130  11 10.07 10.20 9.95 
  3135  11 10.07 10.19 9.95 
  3140  11 10.06 10.19 9.95 
  3145  11 10.06 10.18 9.95 
  3150  11 10.05 10.18 9.95 
  3155  11 10.05 10.18 9.95 
  3160  11 10.04 10.17 9.96 
  3165  11 10.04 10.17 9.96 
  3170  11 10.04 10.17 9.96 
  3175  11 10.03 10.17 9.96 
  3180  11 10.03 10.16 9.96 
  3185  11 10.19 10.19 9.97 
  3190  11 10.17 10.19 9.97 
  3195  11 10.16 10.19 9.97 
  3200  11 10.15 10.18 9.97 
  3205  12 10.21 10.20 9.98 
  3210  11 10.20 10.19 9.98 
  3215  11 10.26 10.21 9.98 
  3220  12 10.24 10.20 9.98 
  3225  11 10.22 10.20 9.98 
  3230  11 10.20 10.20 9.98 
  3235  11 10.19 10.19 9.98 
  3240  11 10.17 10.19 9.98 
  3245  11 10.16 10.19 9.99 
  3250  11 10.14 10.18 9.99 
  3255  11 10.13 10.18 9.99 
  3260  11 10.12 10.18 9.99 
  3265  11 10.11 10.17 9.99 
  3270  11 10.10 10.17 9.99 
  3275  11 10.09 10.17 9.99 
  3280  11 10.09 10.16 9.99 
  3285  11 10.16 10.18 9.99 
  3290  11 10.23 10.19 10.00 
  3295  11 10.21 10.19 10.00 
  3300  11 10.19 10.19 10.00 
  3305  11 10.18 10.18 10.00 
  3310  11 10.16 10.18 10.00 
  3315  11 10.15 10.18 10.00 
  3320  11 10.14 10.17 10.00 
  3325  11 10.12 10.17 10.00 
  3330  11 10.11 10.17 10.00 
  3335  11 10.11 10.16 10.00 
  3340  11 10.10 10.16 10.00 
  3345  11 10.09 10.16 10.00 
  3350  11 10.08 10.15 10.00 
  3355  11 10.07 10.15 10.00 
  3360  11 10.07 10.15 10.00 
  3365  11 10.06 10.15 10.00 
  3370  11 10.14 10.16 10.01 
  3375  11 10.21 10.17 10.01 
  3380  11 10.27 10.19 10.02 
  3385  11 10.33 10.20 10.02 
  3390  11 10.38 10.22 10.03 
  3395  11 10.43 10.23 10.03 
  3400  11 10.48 10.24 10.04 
  3405  11 10.48 10.25 10.04 
  3410  11 10.44 10.25 10.04 
  3415  11 10.40 10.24 10.04 
  3420  11 10.37 10.24 10.04 
  3425  11 10.34 10.23 10.04 
  3430  11 10.31 10.23 10.04 
  3435  11 10.29 10.23 10.04 
  3440  11 10.27 10.22 10.04 
  3445  11 10.24 10.22 10.04 
  3450  11 10.22 10.21 10.04 
  3455  11 10.21 10.21 10.04 
  3460  11 10.19 10.21 10.04 
  3465  11 10.17 10.20 10.04 
  3470  11 10.16 10.20 10.04 
  3475  11 10.15 10.20 10.04 
  3480  11 10.13 10.19 10.04 
  3485  11 10.12 10.19 10.03 
  3490  11 10.11 10.18 10.03 
  3495  11 10.10 10.18 10.03 
  3500  11 10.10 10.18 10.03 
  3505  11 10.09 10.17 10.03 
  3510  11 10.08 10.17 10.03 
  3515  11 10.07 10.17 10.03 
  3520  12 10.07 10.17 10.03 
  3525  11 10.06 10.16 10.03 
  3530  11 10.06 10.16 10.03 
  3535  11 10.13 10.17 10.04 
  3540  11 10.12 10.17 10.04 
  3545  11 10.19 10.19 10.04 
  3550  11 10.18 10.18 10.04 
  3555  11 10.16 10.18 10.04 
  3560  11 10.15 10.18 10.04 
  3565  11 10.14 10.17 10.04 
  3570  11 10.13 10.17 10.04 
  3575  11 10.12 10.17 10.04 
  3580  11 10.11 10.16 10.04 
  3585  11 10.10 10.16 10.04 
  3590  11 10.09 10.16 10.04 
  3595  11 10.08 10.15 10.04 
  3600  11 10.32 10.20 10.05 
  3605  11 10.29 10.20 10.05 
  3610  11 10.27 10.20 10.05 
  3615  11 10.25 10.19 10.05 
  3620  11 10.31 10.21 10.06 
  3625  11 10.28 10.20 10.06 
  3630  11 10.26 10.20 10.05 
  3635  11 10.24 10.20 10.05 
  3640  11 10.22 10.19 10.05 
  3645  11 10.20 10.19 10.05 
  3650  11 10.18 10.18 10.05 
  3655  11 10.17 10.18 10.05 
  3660  11 10.16 10.18 10.05 
  3665  11 10.14 10.17 10.05 
  3670  11 10.13 10.17 10.05 
  3675  11 10.12 10.17 10.05 
  3680  11 10.11 10.17 10.05 
  3685  11 10.18 10.18 10.06 
  3690  11 10.25 10.19 10.06 
  3695  11 10.23 10.19 10.06 
  3700  11 10.21 10.19 10.06 
  3705  11 10.19 10.18 10.06 
  3710  11 10.18 10.18 10.06 
  3715  11 10.16 10.18 10.06 
  3720  11 10.15 10.17 10.06 
  3725  11 10.14 10.17 10.06 
  3730  11 10.13 10.17 10.06 
  3735  11 10.20 10.18 10.06 
  3740  11 10.18 10.18 10.06 
  3745  11 10.17 10.17 10.06 
  3750  11 10.15 10.17 10.06 
  3755  11 10.14 10.17 10.06 
  3760  11 10.13 10.17 10.06 
  3765  11 10.12 10.16 10.06 
  3770  11 10.11 10.16 10.06 
  3775  11 10.10 10.16 10.06 
  3780  11 10.17 10.17 10.06 
  3785  11 10.16 10.17 10.06 
  3790  11 10.14 10.17 10.06 
  3795  11 10.13 10.16 10.06 
  3800  11 10.12 10.16 10.06 
  3805  11 10.11 10.16 10.06 
  3810  11 10.10 10.15 10.06 
  3815  12 10.09 10.15 10.06 
  3820  11 10.09 10.15 10.06 
  3825  11 10.08 10.14 10.06 
  3830  11 10.07 10.14 10.06 
  3835  11 10.07 10.14 10.06 
  3840  11 10.06 10.14 10.06 
  3845  11 10.14 10.15 10.06 
  3850  11 10.29 10.18 10.07 
  3855  11 10.34 10.20 10.08 
  3860  11 10.40 10.21 10.08 
  3865  11 10.44 10.22 10.09 
  3870  11 10.49 10.24 10.10 
  3875  11 10.53 10.25 10.10 
  3880  11 10.57 10.26 10.10 
  3885  11 10.55 10.27 10.11 
  3890  11 10.59 10.28 10.11 
  3895  11 10.54 10.28 10.11 
  3900  11 10.66 10.31 10.12 
  3905  12 10.61 10.30 10.12 
  3910  11 10.56 10.30 10.12 
  3915  11 10.51 10.29 10.12 
  3920  12 10.55 10.30 10.12 
  3925  11 10.51 10.30 10.12 
  3930  11 10.47 10.29 10.12 
  3935  12 10.43 10.29 10.12 
  3940  12 10.39 10.28 10.12 
  3945  11 10.36 10.28 10.12 
  3950  11 10.33 10.27 10.12 
  3955  11 10.31 10.27 10.12 
  3960  11 10.36 10.28 10.12 
  3965  11 10.33 10.27 10.12 
  3970  11 10.31 10.27 10.12 
  3975  11 10.28 10.26 10.12 
  3980  11 10.26 10.26 10.12 
  3985  11 10.24 10.26 10.12 
  3990  11 10.22 10.25 10.12 
  3995  11 10.20 10.25 10.12 
  4000  11 10.18 10.24 10.12 
  4005  11 10.17 10.24 10.11 
  4010  11 10.24 10.25 10.12 
  4015  11 10.22 10.25 10.12 
  4020  11 10.20 10.24 10.12 
  4025  11 10.42 10.29 10.13 
  4030  11 10.39 10.28 10.13 
  4035  11 10.36 10.28 10.13 
  4040  11 10.33 10.27 10.13 
  4045  11 10.30 10.27 10.13 
  4050  11 10.28 10.26 10.13 
  4055  11 10.34 10.28 10.13 
  4060  11 10.31 10.27 10.13 
  4065  11 10.37 10.28 10.14 
  4070  11 10.42 10.30 10.14 
  4075  11 10.38 10.29 10.14 
  4080  11 10.35 10.29 10.14 
  4085  11 10.32 10.28 10.14 
  4090  11 10.30 10.28 10.14 
  4095  11 10.27 10.27 10.14 
  4100  11 10.25 10.27 10.14 
  4105  11 10.23 10.26 10.13 
  4110  11 10.21 10.26 10.13 
  4115  11 10.20 10.25 10.13 
  4120  11 10.18 10.25 10.13 
  4125  11 10.16 10.24 10.13 
  4130  11 10.15 10.24 10.13 
  4135  11 10.14 10.23 10.13 
  4140  11 10.21 10.25 10.13 
  4145  11 10.19 10.24 10.13 
  4150  11 10.18 10.24 10.13 
  4155  11 10.16 10.23 10.13 
  4160  12 10.15 10.23 10.13 
  4165  12 10.14 10.23 10.13 
  4170  11 10.12 10.22 10.13 
  4175  11 10.20 10.24 10.13 
  4180  11 10.18 10.23 10.13 
  4185  11 10.16 10.23 10.13 
  4190  11 10.15 10.22 10.13 
  4195  11 10.14 10.22 10.13 
  4200  11 10.13 10.22 10.13 
  4205  11 10.12 10.21 10.13 
  4210  11 10.19 10.23 10.13 
  4215  11 10.25 10.24 10.14 
  4220  11 10.23 10.23 10.14 
  4225  11 10.21 10.23 10.13 
  4230  11 10.20 10.23 10.13 
  4235  11 10.82 10.36 10.18 
  4240  11 10.92 10.38 10.19 
  4245  11 10.92 10.39 10.19 
  4250  11 10.85 10.39 10.19 
  4255  11 10.78 10.38 10.19 
  4260  11 10.72 10.37 10.19 
  4265  11 10.66 10.37 10.18 
  4270  11 10.61 10.36 10.18 
  4275  11 10.56 10.35 10.18 
  4280  11 10.51 10.35 10.18 
  4285  11 10.47 10.34 10.18 
  4290  11 10.43 10.34 10.18 
  4295  11 10.40 10.33 10.18 
  4300  11 10.37 10.32 10.18 
  4305  11 10.34 10.32 10.18 
  4310  11 10.31 10.31 10.17 
  4315  11 10.28 10.31 10.17 
  4320  11 10.26 10.30 10.17 
  4325  11 10.24 10.30 10.17 
  4330  11 10.30 10.31 10.18 
  4335  11 10.36 10.32 10.18 
  4340  11 10.41 10.33 10.19 
  4345  11 10.46 10.34 10.19 
  4350  11 10.50 10.35 10.20 
  4355  11 10.54 10.37 10.20 
  4360  11 10.58 10.38 10.20 
  4365  11 10.61 10.39 10.21 
  4370  11 10.59 10.39 10.21 
  4375  11 10.62 10.40 10.22 
  4380  12 10.57 10.39 10.21 
  4385  11 10.53 10.39 10.21 
  4390  11 10.49 10.38 10.21 
  4395  11 10.45 10.37 10.21 
  4400  11 10.41 10.37 10.21 
  4405  11 10.38 10.36 10.21 
  4410  11 10.35 10.35 10.21 
  4415  11 10.32 10.35 10.20 
  4420  11 10.29 10.34 10.20 
  4425  11 10.27 10.34 10.20 
  4430  11 10.25 10.33 10.20 
  4435  11 10.23 10.33 10.20 
  4440  11 10.21 10.32 10.20 
  4445  11 10.19 10.31 10.20 
  4450  1 9.37 10.14 10.14 
  4455  1 8.62 9.97 10.09 
  4460  1 7.93 9.81 10.03 
  4465  1 7.38 9.66 9.98 
  4470  1 6.79 9.50 9.93 
  4475  1 6.24 9.34 9.87 
  4480  1 5.74 9.19 9.82 
  4485  1 5.28 9.03 9.77 
  4490  1 4.86 8.88 9.72 
  4495  1 4.47 8.74 9.66 
  4500  1 4.11 8.59 9.61 
